生成启动时间为 2018/4/13 17:37:47。
     1>项目“F:\付东的资料\CodeForMyself\牛客网\牛客网\牛客网.vcxproj”在节点 2 上(Build 个目标)。
     1>ClCompile:
         D:\VS\VC\bin\CL.exe /c /ZI /nologo /W3 /WX- /sdl /Od /Oy- /D _UNICODE /D UNICODE /Gm /EHsc /RTC1 /MDd /GS /fp:precise /Zc:wchar_t /Zc:forScope /Fo"Debug\\" /Fd"Debug\vc120.pdb" /Gd /TP /analyze- /errorReport:prompt test.cpp
         test.cpp
       Link:
         D:\VS\VC\bin\link.exe /ERRORREPORT:PROMPT /OUT:"F:\付东的资料\CodeForMyself\牛客网\Debug\牛客网.exe" /INCREMENTAL /NOLOGO /MANIFEST /MANIFESTUAC:"level='asInvoker' uiAccess='false'" /manifest:embed /DEBUG /PDB:"F:\付东的资料\CodeForMyself\牛客网\Debug\牛客网.pdb" /TLBID:1 /DYNAMICBASE /NXCOMPAT /IMPLIB:"F:\付东的资料\CodeForMyself\牛客网\Debug\牛客网.lib" /MACHINE:X86 "Debug\00复杂链表的复制.obj"
         "Debug\00输出数组逆序对.obj"
         "Debug\00重建二叉树.obj"
         "Debug\03从尾到头打印链表.obj"
         "Debug\04两个栈实现一个队列.obj"
         "Debug\05旋转数组.obj"
         "Debug\06斐波那些数列.obj"
         "Debug\07青蛙跳台阶菲薄那些.obj"
         "Debug\08变态跳台阶.obj"
         "Debug\09矩形覆盖.obj"
         "Debug\10二进制中1的个数.obj"
         "Debug\11数值的整数次方.obj"
         "Debug\12调整数组的奇偶顺序.obj"
         "Debug\13输出链表的倒数第k个节点.obj"
         "Debug\14翻转链表.obj"
         "Debug\15合并两个链表_反向理解递归.obj"
         "Debug\16树的子结构_正向理解递归.obj"
         "Debug\17镜像二叉树.obj"
         "Debug\18回形打印矩阵.obj"
         "Debug\19实现栈中最小的元素.obj"
         "Debug\01找数组的整数.obj"
         "Debug\20栈的压入和弹出.obj"
         "Debug\21按层打印节点.obj"
         "Debug\22判断二叉搜索树后序遍历.obj"
         "Debug\23查找二叉树的路径和.obj"
         "Debug\02空格替换.obj"
         "Debug\24二叉搜索树的双向链表.obj"
         "Debug\25字符串排列.obj"
         "Debug\26数组出现一半的数.obj"
         "Debug\27最小的k个数.obj"
         "Debug\28连续子数组的最大和.obj"
         "Debug\29整数区间1出现的次数.obj"
         "Debug\30把数组排成最小的数.obj"
         "Debug\31丑数只含有235因子.obj"
         "Debug\32找出第一个只出现一次的字符.obj"
         "Debug\35统计有序数组某个数出现的次数_二分查找.obj"
         "Debug\36二叉树的深度.obj"
         "Debug\37判断平衡二叉树.obj"
         "Debug\38数组中只出现一次的两个数.obj"
         "Debug\39输出和为S的序列.obj"
         "Debug\40输出和为S的两个数.obj"
         "Debug\41将字符串左移n位.obj"
         "Debug\42翻转单词.obj"
         "Debug\43扑克牌顺子.obj"
         "Debug\44圆圈中最后剩下的数.obj"
         "Debug\45求1+2+n.obj"
         "Debug\46不用加法做两数相加.obj"
         "Debug\47将一个字符串转为数字.obj"
         "Debug\50找出数组中的重复数组.obj"
         "Debug\52正则表达式模式匹配.obj"
         "Debug\53判断字符串是否表示数值.obj"
         "Debug\54字符流中第一个不重复的字符.obj"
         "Debug\55找到链表环的入口.obj"
         "Debug\56删除链表的重复节点.obj"
         "Debug\57判断镜像二叉树.obj"
         "Debug\58回形打印二叉树.obj"
         "Debug\59按层打印二叉树.obj"
         "Debug\60二叉树的序列化和解序列化.obj"
         "Debug\61找搜索二叉树第k大的值.obj"
         "Debug\63寻找窗口的最大值.obj"
         "Debug\64矩阵的路径.obj"
         "Debug\65机器人能到达的最远的格子.obj"
         "Debug\string功能的实现.obj"
         "Debug\京东求最长回文子串.obj"
         "Debug\京东求范围内的最小公倍数.obj"
         "Debug\华为求最大子数组.obj"
         "Debug\单例模式.obj"
         "Debug\字符串.obj"
         Debug\test.obj
         "Debug\快速排序.obj"
         "Debug\34查找两个链表的公共节点.obj"
         "Debug\00递归调用.obj"
         "Debug\招商求子串出现的次数.obj"
         "Debug\网易8双核cpu.obj"
         "Debug\网易9调整字符串.obj"
         "Debug\网易在线1.obj"
         "Debug\网易在线2.obj"
         "Debug\背包问题.obj"
         "Debug\腾讯笔试1.obj"
         "Debug\腾讯笔试2.obj"
         "Debug\腾讯笔试3.obj"
         "Debug\阿里编程题图着色.obj"
         牛客网.vcxproj -> F:\付东的资料\CodeForMyself\牛客网\Debug\牛客网.exe
     1>已完成生成项目“F:\付东的资料\CodeForMyself\牛客网\牛客网\牛客网.vcxproj”(Build 个目标)的操作。

生成成功。

已用时间 00:00:01.30
